{"/home/iurii/Projects-new/noda-test/src/App/App.tsx": {"path":"/home/iurii/Projects-new/noda-test/src/App/App.tsx","statementMap":{"0":{"start":{"line":7,"column":45},"end":{"line":7,"column":60}},"1":{"start":{"line":9,"column":29},"end":{"line":9,"column":54}},"2":{"start":{"line":11,"column":4},"end":{"line":18,"column":6}}},"fnMap":{"0":{"name":"App","decl":{"start":{"line":6,"column":16},"end":{"line":6,"column":19}},"loc":{"start":{"line":6,"column":35},"end":{"line":19,"column":1}},"line":6}},"branchMap":{"0":{"loc":{"start":{"line":15,"column":28},"end":{"line":15,"column":40}},"type":"binary-expr","locations":[{"start":{"line":15,"column":28},"end":{"line":15,"column":32}},{"start":{"line":15,"column":36},"end":{"line":15,"column":40}}],"line":15},"1":{"loc":{"start":{"line":16,"column":13},"end":{"line":16,"column":67}},"type":"binary-expr","locations":[{"start":{"line":16,"column":13},"end":{"line":16,"column":20}},{"start":{"line":16,"column":24},"end":{"line":16,"column":67}}],"line":16}},"s":{"0":3,"1":3,"2":3},"f":{"0":3},"b":{"0":[3,2],"1":[3,0]},"_coverageSchema":"1a1c01bbd47fc00a2c39e90264f33305004495a9","hash":"2092c788e929cd3b57e7a9ac1bf26c888f617d83"}
,"/home/iurii/Projects-new/noda-test/src/App/components/Button/Button.tsx": {"path":"/home/iurii/Projects-new/noda-test/src/App/components/Button/Button.tsx","statementMap":{"0":{"start":{"line":5,"column":22},"end":{"line":11,"column":2}},"1":{"start":{"line":6,"column":4},"end":{"line":10,"column":6}}},"fnMap":{"0":{"name":"Button","decl":{"start":{"line":5,"column":42},"end":{"line":5,"column":48}},"loc":{"start":{"line":5,"column":89},"end":{"line":11,"column":1}},"line":5}},"branchMap":{},"s":{"0":2,"1":3},"f":{"0":3},"b":{},"_coverageSchema":"1a1c01bbd47fc00a2c39e90264f33305004495a9","hash":"b7cdaa60353842273f604c5c27a758109dc77838"}
,"/home/iurii/Projects-new/noda-test/src/App/components/UserInfo/UserInfo.tsx": {"path":"/home/iurii/Projects-new/noda-test/src/App/components/UserInfo/UserInfo.tsx","statementMap":{"0":{"start":{"line":4,"column":24},"end":{"line":22,"column":2}},"1":{"start":{"line":5,"column":4},"end":{"line":5,"column":27}},"2":{"start":{"line":5,"column":15},"end":{"line":5,"column":27}},"3":{"start":{"line":6,"column":4},"end":{"line":21,"column":6}}},"fnMap":{"0":{"name":"UserInfo","decl":{"start":{"line":4,"column":44},"end":{"line":4,"column":52}},"loc":{"start":{"line":4,"column":99},"end":{"line":22,"column":1}},"line":4}},"branchMap":{"0":{"loc":{"start":{"line":5,"column":4},"end":{"line":5,"column":27}},"type":"if","locations":[{"start":{"line":5,"column":4},"end":{"line":5,"column":27}},{"start":{},"end":{}}],"line":5}},"s":{"0":2,"1":5,"2":3,"3":2},"f":{"0":5},"b":{"0":[3,2]},"_coverageSchema":"1a1c01bbd47fc00a2c39e90264f33305004495a9","hash":"defc688d5cd26fc44b31caa164dda792e3ace0a2"}
,"/home/iurii/Projects-new/noda-test/src/App/hooks/useRandomUser/useRandomUser.tsx": {"path":"/home/iurii/Projects-new/noda-test/src/App/hooks/useRandomUser/useRandomUser.tsx","statementMap":{"0":{"start":{"line":5,"column":24},"end":{"line":12,"column":1}},"1":{"start":{"line":6,"column":15},"end":{"line":6,"column":55}},"2":{"start":{"line":7,"column":21},"end":{"line":7,"column":58}},"3":{"start":{"line":8,"column":4},"end":{"line":10,"column":5}},"4":{"start":{"line":9,"column":8},"end":{"line":9,"column":55}},"5":{"start":{"line":11,"column":4},"end":{"line":11,"column":44}},"6":{"start":{"line":14,"column":29},"end":{"line":20,"column":1}},"7":{"start":{"line":15,"column":4},"end":{"line":19,"column":7}}},"fnMap":{"0":{"name":"(anonymous_0)","decl":{"start":{"line":5,"column":24},"end":{"line":5,"column":25}},"loc":{"start":{"line":5,"column":36},"end":{"line":12,"column":1}},"line":5},"1":{"name":"(anonymous_1)","decl":{"start":{"line":14,"column":29},"end":{"line":14,"column":30}},"loc":{"start":{"line":14,"column":35},"end":{"line":20,"column":1}},"line":14}},"branchMap":{"0":{"loc":{"start":{"line":8,"column":4},"end":{"line":10,"column":5}},"type":"if","locations":[{"start":{"line":8,"column":4},"end":{"line":10,"column":5}},{"start":{},"end":{}}],"line":8}},"s":{"0":2,"1":2,"2":2,"3":1,"4":0,"5":1,"6":2,"7":4},"f":{"0":2,"1":4},"b":{"0":[0,1]},"_coverageSchema":"1a1c01bbd47fc00a2c39e90264f33305004495a9","hash":"3e70c84dcfd8329cf80db76aaa5c49687cb190b1"}
,"/home/iurii/Projects-new/noda-test/src/App/hooks/useTrottle/useTrottle.tsx": {"path":"/home/iurii/Projects-new/noda-test/src/App/hooks/useTrottle/useTrottle.tsx","statementMap":{"0":{"start":{"line":4,"column":21},"end":{"line":4,"column":56}},"1":{"start":{"line":6,"column":4},"end":{"line":14,"column":26}},"2":{"start":{"line":7,"column":8},"end":{"line":13,"column":9}},"3":{"start":{"line":8,"column":12},"end":{"line":8,"column":23}},"4":{"start":{"line":9,"column":12},"end":{"line":12,"column":22}},"5":{"start":{"line":10,"column":16},"end":{"line":10,"column":48}},"6":{"start":{"line":11,"column":16},"end":{"line":11,"column":40}}},"fnMap":{"0":{"name":"useThrottle","decl":{"start":{"line":3,"column":16},"end":{"line":3,"column":27}},"loc":{"start":{"line":3,"column":77},"end":{"line":15,"column":1}},"line":3},"1":{"name":"(anonymous_1)","decl":{"start":{"line":6,"column":23},"end":{"line":6,"column":24}},"loc":{"start":{"line":6,"column":29},"end":{"line":14,"column":5}},"line":6},"2":{"name":"(anonymous_2)","decl":{"start":{"line":9,"column":42},"end":{"line":9,"column":43}},"loc":{"start":{"line":9,"column":48},"end":{"line":12,"column":13}},"line":9}},"branchMap":{"0":{"loc":{"start":{"line":7,"column":8},"end":{"line":13,"column":9}},"type":"if","locations":[{"start":{"line":7,"column":8},"end":{"line":13,"column":9}},{"start":{},"end":{}}],"line":7}},"s":{"0":6,"1":6,"2":6,"3":5,"4":5,"5":3,"6":3},"f":{"0":6,"1":6,"2":3},"b":{"0":[5,1]},"_coverageSchema":"1a1c01bbd47fc00a2c39e90264f33305004495a9","hash":"e0395e5662a8903fb442989db62829dc9b1109e3"}
}
