TN:
SF:src/App/App.tsx
FN:6,App
FNF:1
FNH:1
FNDA:3,App
DA:7,3
DA:9,3
DA:11,3
LF:3
LH:3
BRDA:15,0,0,3
BRDA:15,0,1,2
BRDA:16,1,0,3
BRDA:16,1,1,0
BRF:4
BRH:3
end_of_record
TN:
SF:src/App/components/Button/Button.tsx
FN:5,Button
FNF:1
FNH:1
FNDA:3,Button
DA:5,2
DA:6,3
LF:2
LH:2
BRF:0
BRH:0
end_of_record
TN:
SF:src/App/components/UserInfo/UserInfo.tsx
FN:4,UserInfo
FNF:1
FNH:1
FNDA:5,UserInfo
DA:4,2
DA:5,5
DA:6,2
LF:3
LH:3
BRDA:5,0,0,3
BRDA:5,0,1,2
BRF:2
BRH:2
end_of_record
TN:
SF:src/App/hooks/useRandomUser/useRandomUser.tsx
FN:5,(anonymous_0)
FN:14,(anonymous_1)
FNF:2
FNH:2
FNDA:2,(anonymous_0)
FNDA:4,(anonymous_1)
DA:5,2
DA:6,2
DA:7,2
DA:8,1
DA:9,0
DA:11,1
DA:14,2
DA:15,4
LF:8
LH:7
BRDA:8,0,0,0
BRDA:8,0,1,1
BRF:2
BRH:1
end_of_record
TN:
SF:src/App/hooks/useTrottle/useTrottle.tsx
FN:3,useThrottle
FN:6,(anonymous_1)
FN:9,(anonymous_2)
FNF:3
FNH:3
FNDA:6,useThrottle
FNDA:6,(anonymous_1)
FNDA:3,(anonymous_2)
DA:4,6
DA:6,6
DA:7,6
DA:8,5
DA:9,5
DA:10,3
DA:11,3
LF:7
LH:7
BRDA:7,0,0,5
BRDA:7,0,1,1
BRF:2
BRH:2
end_of_record
